<?xml version="1.0" encoding="UTF-8"?>
<!-- Generated by org.testng.reporters.JUnitReportReporter -->
<testsuite hostname="SLB-C6J0533" failures="0" tests="1" name="cucumberOptions.TestNGTestRunner" time="87.179" errors="0" timestamp="2024-12-18T23:22:23 IST" skipped="0">
  <testcase classname="cucumberOptions.TestNGTestRunner" name="runScenario" time="87.179"/>
</testsuite> <!-- cucumberOptions.TestNGTestRunner -->
