<?xml version="1.0" encoding="UTF-8"?>
<!-- Generated by org.testng.reporters.JUnitReportReporter -->
<testsuite hostname="SLB-C6J0533" failures="0" tests="1" name="cucumberOptions.TestNGTestRunner" time="12.235" errors="0" timestamp="2024-12-18T11:14:08 IST" skipped="0">
  <testcase classname="cucumberOptions.TestNGTestRunner" name="runScenario" time="12.235"/>
</testsuite> <!-- cucumberOptions.TestNGTestRunner -->
