<?xml version="1.0" encoding="UTF-8"?>
<!-- Generated by org.testng.reporters.JUnitReportReporter -->
<testsuite hostname="SLB-C6J0533" failures="0" tests="1" name="cucumberOptions.TestNGTestRunner" time="20.355" errors="0" timestamp="2024-12-18T15:10:56 IST" skipped="0">
  <testcase classname="cucumberOptions.TestNGTestRunner" name="runScenario" time="20.355"/>
</testsuite> <!-- cucumberOptions.TestNGTestRunner -->
