<?xml version="1.0" encoding="UTF-8"?>
<!-- Generated by org.testng.reporters.JUnitReportReporter -->
<testsuite hostname="SLB-C6J0533" failures="1" tests="5" name="cucumberOptions.TestNGTestRunner" time="291.387" errors="0" timestamp="2024-12-19T07:15:43 IST" skipped="0">
  <testcase classname="cucumberOptions.TestNGTestRunner" name="runScenario" time="58.350">
    <failure message="expected [Beetroot] but found [No data]" type="java.lang.AssertionError">
      <![CDATA[java.lang.AssertionError: expected [Beetroot] but found [No data]
at org.testng.Assert.fail(Assert.java:111)
at org.testng.Assert.failNotEquals(Assert.java:1578)
at org.testng.Assert.assertEqualsImpl(Assert.java:150)
at org.testng.Assert.assertEquals(Assert.java:132)
at org.testng.Assert.assertEquals(Assert.java:656)
at org.testng.Assert.assertEquals(Assert.java:666)
at stepDefinitions.OfferPageStepDefinition.validateThedata(OfferPageStepDefinition.java:59)
at âœ½.validate product name in offers page matches with Landing page(file:///C:/Users/DChoudhary5/eclipse-workspaceNEW/CucumberFramework/src/test/java/features/searchProduct.feature:16)
]]>
    </failure>
  </testcase> <!-- runScenario -->
  <testcase classname="cucumberOptions.TestNGTestRunner" name="runScenario" time="58.081"/>
  <testcase classname="cucumberOptions.TestNGTestRunner" name="runScenario" time="58.243"/>
  <testcase classname="cucumberOptions.TestNGTestRunner" name="runScenario" time="58.065"/>
  <testcase classname="cucumberOptions.TestNGTestRunner" name="runScenario" time="58.648"/>
</testsuite> <!-- cucumberOptions.TestNGTestRunner -->
