<?xml version="1.0" encoding="UTF-8"?>
<!-- Generated by org.testng.reporters.JUnitReportReporter -->
<testsuite hostname="SLB-C6J0533" failures="0" tests="3" name="cucumberOptions.TestNGTestRunner" time="52.354" errors="0" timestamp="2024-12-19T00:14:35 IST" skipped="0">
  <testcase classname="cucumberOptions.TestNGTestRunner" name="runScenario" time="16.402"/>
  <testcase classname="cucumberOptions.TestNGTestRunner" name="runScenario" time="17.051"/>
  <testcase classname="cucumberOptions.TestNGTestRunner" name="runScenario" time="18.901"/>
</testsuite> <!-- cucumberOptions.TestNGTestRunner -->
